<?xml version="1.0" encoding="UTF-8"?>
<!-- Generated by org.testng.reporters.JUnitXMLReporter -->
<testsuite ignored="0" hostname="EPINHYDW00CA" failures="0" tests="5" name="My Test" time="19.46" errors="0" timestamp="2022-09-17T09:32:11 IST">
  <testcase classname="tests.ToptalTests" name="verifying_presence_of_ApplyAsAFreeLancer_Links" time="1.521"/>
  <testcase classname="tests.ToptalTests" name="ApplyToToptal" time="3.933"/>
  <testcase classname="tests.GoogleTests" name="verifying_Navigation_to_About_by_Url" time="3.397"/>
  <testcase classname="tests.GoogleTests" name="verifying_Navigation_to_Business_by_Url" time="3.433"/>
  <testcase classname="tests.GoogleTests" name="verifying_presence_of_About_and_Business_Links" time="1.548"/>
</testsuite> <!-- My Test -->
