<?xml version="1.0" encoding="UTF-8"?>
<!-- Generated by org.testng.reporters.JUnitXMLReporter -->
<testsuite ignored="0" hostname="EPINHYDW00CA" failures="0" tests="5" name="My Test" time="26.863" errors="0" timestamp="2022-09-16T02:11:58 IST">
  <testcase classname="tests.ToptalTests" name="verifying_presence_of_ApplyAsAFreeLancer_Links" time="1.828"/>
  <testcase classname="tests.ToptalTests" name="ApplyToToptal" time="7.012"/>
  <testcase classname="tests.GoogleTests" name="verifying_Navigation_to_About_by_Url" time="4.264"/>
  <testcase classname="tests.GoogleTests" name="verifying_Navigation_to_Business_by_Url" time="3.503"/>
  <testcase classname="tests.GoogleTests" name="verifying_presence_of_About_and_Business_Links" time="1.421"/>
</testsuite> <!-- My Test -->
