<?xml version="1.0" encoding="UTF-8"?>
<testng-results ignored="0" total="1" passed="1" failed="0" skipped="0">
  <reporter-output>
  </reporter-output>
  <suite started-at="2022-09-15T11:49:50 IST" name="Surefire suite" finished-at="2022-09-15T11:49:50 IST" duration-ms="26">
    <groups>
    </groups>
    <test started-at="2022-09-15T11:49:50 IST" name="Surefire test" finished-at="2022-09-15T11:49:50 IST" duration-ms="26">
      <class name="com.aisera.task.AppTest">
        <test-method signature="shouldAnswerWithTrue()[pri:0, instance:com.aisera.task.AppTest@3943a2be]" started-at="2022-09-15T11:49:50 IST" name="shouldAnswerWithTrue" finished-at="2022-09-15T11:49:50 IST" duration-ms="4" status="PASS">
          <reporter-output>
          </reporter-output>
        </test-method> <!-- shouldAnswerWithTrue -->
      </class> <!-- com.aisera.task.AppTest -->
    </test> <!-- Surefire test -->
  </suite> <!-- Surefire suite -->
</testng-results>
