<?xml version="1.0" encoding="UTF-8"?>
<!-- Generated by org.testng.reporters.JUnitXMLReporter -->
<testsuite ignored="0" hostname="EPINHYDW00CA" failures="0" tests="3" name="Default test" time="14.709" errors="0" timestamp="2022-09-16T01:01:24 IST">
  <testcase classname="tests.GoogleTests" name="verifying_Navigation_to_About_by_Url" time="4.043"/>
  <testcase classname="tests.GoogleTests" name="verifying_Navigation_to_Business_by_Url" time="3.236"/>
  <testcase classname="tests.GoogleTests" name="verifying_presence_of_About_and_Business_Links" time="1.645"/>
</testsuite> <!-- Default test -->
