<?xml version="1.0" encoding="UTF-8"?>
<!-- Generated by org.testng.reporters.JUnitXMLReporter -->
<testsuite ignored="0" hostname="EPINHYDW00CA" failures="0" tests="5" name="First Test" time="31.026" errors="0" timestamp="2022-09-16T01:44:01 IST">
  <testcase classname="tests.ToptalTests" name="verifying_presence_of_ApplyAsAFreeLancer_Links" time="2.939"/>
  <testcase classname="tests.ToptalTests" name="ApplyToToptal" time="9.757"/>
  <testcase classname="tests.GoogleTests" name="verifying_Navigation_to_About_by_Url" time="4.211"/>
  <testcase classname="tests.GoogleTests" name="verifying_Navigation_to_Business_by_Url" time="4.647"/>
  <testcase classname="tests.GoogleTests" name="verifying_presence_of_About_and_Business_Links" time="1.383"/>
</testsuite> <!-- First Test -->
